This is XeTeX, Version 3.141592653-2.6-0.999993 (TeX Live 2021/W32TeX) (preloaded format=xelatex 2021.5.9)  14 MAY 2021 22:23
entering extended mode
 restricted \write18 enabled.
 %&-line parsing enabled.
**statement.tex
(./statement.tex
LaTeX2e <2020-10-01> patch level 4
L3 programming layer <2021-05-07>

! LaTeX Error: Environment spacing undefined.

See the LaTeX manual or LaTeX Companion for explanation.
Type  H <return>  for immediate help.
 ...                                              
                                                  
l.3 \begin{spacing}
                   {2}
Your command was ignored.
Type  I <command> <return>  to replace it with another command,
or  <return>  to continue without it.


! LaTeX Error: Missing \begin{document}.

See the LaTeX manual or LaTeX Companion for explanation.
Type  H <return>  for immediate help.
 ...                                              
                                                  
l.3 \begin{spacing}{2
                     }
You're in trouble here.  Try typing  <return>  to proceed.
If that doesn't work, type  X <return>  to quit.

Missing character: There is no 2 ("32) in font nullfont!
! Undefined control sequence.
l.4 {\zihao
           {4}
The control sequence at the end of the top line
of your error message was never \def'ed. If you have
misspelled it (e.g., `\hobx'), type `I' and the correct
spelling (e.g., `I\hbox'). Otherwise just continue,
and I'll forget about whatever was undefined.

Missing character: There is no 4 ("34) in font nullfont!

Overfull \hbox (20.0pt too wide) in paragraph at lines 3--5
[]
 []

! Undefined control sequence.
l.8 \phantomsection
                   
The control sequence at the end of the top line
of your error message was never \def'ed. If you have
misspelled it (e.g., `\hobx'), type `I' and the correct
spelling (e.g., `I\hbox'). Otherwise just continue,
and I'll forget about whatever was undefined.

! Undefined control sequence.
<argument> \heiti 
                  原~ 创~ 性~ 声~ 明
l.13 \centerline{\heiti 原~ 创~ 性~ 声~ 明}
                                      
The control sequence at the end of the top line
of your error message was never \def'ed. If you have
misspelled it (e.g., `\hobx'), type `I' and the correct
spelling (e.g., `I\hbox'). Otherwise just continue,
and I'll forget about whatever was undefined.

Missing character: There is no 原 ("539F) in font nullfont!
Missing character: There is no 创 ("521B) in font nullfont!
Missing character: There is no 性 ("6027) in font nullfont!
Missing character: There is no 声 ("58F0) in font nullfont!
Missing character: There is no 明 ("660E) in font nullfont!

! LaTeX Error: Missing \begin{document}.

See the LaTeX manual or LaTeX Companion for explanation.
Type  H <return>  for immediate help.
 ...                                              
                                                  
l.15 本
      人郑重声明：所呈交的学位论文，是本人在导师的指导下，独立进
You're in trouble here.  Try typing  <return>  to proceed.
If that doesn't work, type  X <return>  to quit.

Missing character: There is no 本 ("672C) in font nullfont!
Missing character: There is no 人 ("4EBA) in font nullfont!
Missing character: There is no 郑 ("90D1) in font nullfont!
Missing character: There is no 重 ("91CD) in font nullfont!
Missing character: There is no 声 ("58F0) in font nullfont!
Missing character: There is no 明 ("660E) in font nullfont!
Missing character: There is no ： ("FF1A) in font nullfont!
Missing character: There is no 所 ("6240) in font nullfont!
Missing character: There is no 呈 ("5448) in font nullfont!
Missing character: There is no 交 ("4EA4) in font nullfont!
Missing character: There is no 的 ("7684) in font nullfont!
Missing character: There is no 学 ("5B66) in font nullfont!
Missing character: There is no 位 ("4F4D) in font nullfont!
Missing character: There is no 论 ("8BBA) in font nullfont!
Missing character: There is no 文 ("6587) in font nullfont!
Missing character: There is no ， ("FF0C) in font nullfont!
Missing character: There is no 是 ("662F) in font nullfont!
Missing character: There is no 本 ("672C) in font nullfont!
Missing character: There is no 人 ("4EBA) in font nullfont!
Missing character: There is no 在 ("5728) in font nullfont!
Missing character: There is no 导 ("5BFC) in font nullfont!
Missing character: There is no 师 ("5E08) in font nullfont!
Missing character: There is no 的 ("7684) in font nullfont!
Missing character: There is no 指 ("6307) in font nullfont!
Missing character: There is no 导 ("5BFC) in font nullfont!
Missing character: There is no 下 ("4E0B) in font nullfont!
Missing character: There is no ， ("FF0C) in font nullfont!
Missing character: There is no 独 ("72EC) in font nullfont!
Missing character: There is no 立 ("7ACB) in font nullfont!
Missing character: There is no 进 ("8FDB) in font nullfont!
Missing character: There is no 行 ("884C) in font nullfont!
Missing character: There is no 研 ("7814) in font nullfont!
Missing character: There is no 究 ("7A76) in font nullfont!
Missing character: There is no 所 ("6240) in font nullfont!
Missing character: There is no 取 ("53D6) in font nullfont!
Missing character: There is no 得 ("5F97) in font nullfont!
Missing character: There is no 的 ("7684) in font nullfont!
Missing character: There is no 成 ("6210) in font nullfont!
Missing character: There is no 果 ("679C) in font nullfont!
Missing character: There is no 。 ("3002) in font nullfont!
Missing character: There is no 除 ("9664) in font nullfont!
Missing character: There is no 文 ("6587) in font nullfont!
Missing character: There is no 中 ("4E2D) in font nullfont!
Missing character: There is no 已 ("5DF2) in font nullfont!
Missing character: There is no 经 ("7ECF) in font nullfont!
Missing character: There is no 注 ("6CE8) in font nullfont!
Missing character: There is no 明 ("660E) in font nullfont!
Missing character: There is no 引 ("5F15) in font nullfont!
Missing character: There is no 用 ("7528) in font nullfont!
Missing character: There is no 的 ("7684) in font nullfont!
Missing character: There is no 内 ("5185) in font nullfont!
Missing character: There is no 容 ("5BB9) in font nullfont!
Missing character: There is no 外 ("5916) in font nullfont!
Missing character: There is no ， ("FF0C) in font nullfont!
Missing character: There is no 本 ("672C) in font nullfont!
Missing character: There is no 论 ("8BBA) in font nullfont!
Missing character: There is no 文 ("6587) in font nullfont!
Missing character: There is no 不 ("4E0D) in font nullfont!
Missing character: There is no 包 ("5305) in font nullfont!
Missing character: There is no 含 ("542B) in font nullfont!
Missing character: There is no 任 ("4EFB) in font nullfont!
Missing character: There is no 何 ("4F55) in font nullfont!
Missing character: There is no 其 ("5176) in font nullfont!
Missing character: There is no 他 ("4ED6) in font nullfont!
Missing character: There is no 个 ("4E2A) in font nullfont!
Missing character: There is no 人 ("4EBA) in font nullfont!
Missing character: There is no 或 ("6216) in font nullfont!
Missing character: There is no 集 ("96C6) in font nullfont!
Missing character: There is no 体 ("4F53) in font nullfont!
Missing character: There is no 已 ("5DF2) in font nullfont!
Missing character: There is no 经 ("7ECF) in font nullfont!
Missing character: There is no 发 ("53D1) in font nullfont!
Missing character: There is no 表 ("8868) in font nullfont!
Missing character: There is no 或 ("6216) in font nullfont!
Missing character: There is no 撰 ("64B0) in font nullfont!
Missing character: There is no 写 ("5199) in font nullfont!
Missing character: There is no 过 ("8FC7) in font nullfont!
Missing character: There is no 的 ("7684) in font nullfont!
Missing character: There is no 科 ("79D1) in font nullfont!
Missing character: There is no 研 ("7814) in font nullfont!
Missing character: There is no 成 ("6210) in font nullfont!
Missing character: There is no 果 ("679C) in font nullfont!
Missing character: There is no 。 ("3002) in font nullfont!
Missing character: There is no 对 ("5BF9) in font nullfont!
Missing character: There is no 本 ("672C) in font nullfont!
Missing character: There is no 文 ("6587) in font nullfont!
Missing character: There is no 的 ("7684) in font nullfont!
Missing character: There is no 研 ("7814) in font nullfont!
Missing character: There is no 究 ("7A76) in font nullfont!
Missing character: There is no 作 ("4F5C) in font nullfont!
Missing character: There is no 出 ("51FA) in font nullfont!
Missing character: There is no 重 ("91CD) in font nullfont!
Missing character: There is no 要 ("8981) in font nullfont!
Missing character: There is no 贡 ("8D21) in font nullfont!
Missing character: There is no 献 ("732E) in font nullfont!
Missing character: There is no 的 ("7684) in font nullfont!
Missing character: There is no 个 ("4E2A) in font nullfont!
Missing character: There is no 人 ("4EBA) in font nullfont!
Missing character: There is no 和 ("548C) in font nullfont!
Missing character: There is no 集 ("96C6) in font nullfont!
Missing character: There is no 体 ("4F53) in font nullfont!
Missing character: There is no ， ("FF0C) in font nullfont!
Missing character: There is no 均 ("5747) in font nullfont!
Missing character: There is no 已 ("5DF2) in font nullfont!
Missing character: There is no 在 ("5728) in font nullfont!
Missing character: There is no 文 ("6587) in font nullfont!
Missing character: There is no 中 ("4E2D) in font nullfont!
Missing character: There is no 以 ("4EE5) in font nullfont!
Missing character: There is no 明 ("660E) in font nullfont!
Missing character: There is no 确 ("786E) in font nullfont!
Missing character: There is no 方 ("65B9) in font nullfont!
Missing character: There is no 式 ("5F0F) in font nullfont!
Missing character: There is no 标 ("6807) in font nullfont!
Missing character: There is no 明 ("660E) in font nullfont!
Missing character: There is no 。 ("3002) in font nullfont!
Missing character: There is no 本 ("672C) in font nullfont!
Missing character: There is no 声 ("58F0) in font nullfont!
Missing character: There is no 明 ("660E) in font nullfont!
Missing character: There is no 的 ("7684) in font nullfont!
Missing character: There is no 法 ("6CD5) in font nullfont!
Missing character: There is no 律 ("5F8B) in font nullfont!
Missing character: There is no 责 ("8D23) in font nullfont!
Missing character: There is no 任 ("4EFB) in font nullfont!
Missing character: There is no 由 ("7531) in font nullfont!
Missing character: There is no 本 ("672C) in font nullfont!
Missing character: There is no 人 ("4EBA) in font nullfont!
Missing character: There is no 承 ("627F) in font nullfont!
Missing character: There is no 担 ("62C5) in font nullfont!
Missing character: There is no 。 ("3002) in font nullfont!

Overfull \hbox (20.0pt too wide) in paragraph at lines 15--20
[]
 []


! LaTeX Error: Missing \begin{document}.

See the LaTeX manual or LaTeX Companion for explanation.
Type  H <return>  for immediate help.
 ...                                              
                                                  
l.21 论
      文作者签名：\underline{\hspace{5\ccwd}}
You're in trouble here.  Try typing  <return>  to proceed.
If that doesn't work, type  X <return>  to quit.

Missing character: There is no 论 ("8BBA) in font nullfont!
Missing character: There is no 文 ("6587) in font nullfont!
Missing character: There is no 作 ("4F5C) in font nullfont!
Missing character: There is no 者 ("8005) in font nullfont!
Missing character: There is no 签 ("7B7E) in font nullfont!
Missing character: There is no 名 ("540D) in font nullfont!
Missing character: There is no ： ("FF1A) in font nullfont!
LaTeX Font Info:    External font `cmex10' loaded for size
(Font)              <7> on input line 21.
LaTeX Font Info:    External font `cmex10' loaded for size
(Font)              <5> on input line 21.
! Undefined control sequence.
<argument> 5\ccwd 
                  
l.21 论文作者签名：\underline{\hspace{5\ccwd}}
                                       
The control sequence at the end of the top line
of your error message was never \def'ed. If you have
misspelled it (e.g., `\hobx'), type `I' and the correct
spelling (e.g., `I\hbox'). Otherwise just continue,
and I'll forget about whatever was undefined.

! Illegal unit of measure (pt inserted).
<to be read again> 
                   \relax 
l.21 论文作者签名：\underline{\hspace{5\ccwd}}
                                       
Dimensions can be in units of em, ex, in, pt, pc,
cm, mm, dd, cc, bp, or sp; but yours is a new one!
I'll assume that you meant to say pt, for printer's points.
To recover gracefully from this error, it's best to
delete the erroneous units; e.g., type `2' to delete
two letters. (See Chapter 27 of The TeXbook.)

Missing character: There is no 日 ("65E5) in font nullfont!
Missing character: There is no 期 ("671F) in font nullfont!
Missing character: There is no ： ("FF1A) in font nullfont!
! Undefined control sequence.
<argument> 5\ccwd 
                  
l.23 日 期：\underline{\hspace{5\ccwd}}
                                    
The control sequence at the end of the top line
of your error message was never \def'ed. If you have
misspelled it (e.g., `\hobx'), type `I' and the correct
spelling (e.g., `I\hbox'). Otherwise just continue,
and I'll forget about whatever was undefined.

! Illegal unit of measure (pt inserted).
<to be read again> 
                   \relax 
l.23 日 期：\underline{\hspace{5\ccwd}}
                                    
Dimensions can be in units of em, ex, in, pt, pc,
cm, mm, dd, cc, bp, or sp; but yours is a new one!
I'll assume that you meant to say pt, for printer's points.
To recover gracefully from this error, it's best to
delete the erroneous units; e.g., type `2' to delete
two letters. (See Chapter 27 of The TeXbook.)


Overfull \hbox (25.0pt too wide) in paragraph at lines 21--24
[]$[]$
 []


Overfull \hbox (5.0pt too wide) in paragraph at lines 21--24
[]$ 
 []

! Undefined control sequence.
<argument> \heiti 
                  关于学位论文使用授权的声明
l.42 \centerline{\heiti 关于学位论文使用授权的声明}
                                      
The control sequence at the end of the top line
of your error message was never \def'ed. If you have
misspelled it (e.g., `\hobx'), type `I' and the correct
spelling (e.g., `I\hbox'). Otherwise just continue,
and I'll forget about whatever was undefined.

Missing character: There is no 关 ("5173) in font nullfont!
Missing character: There is no 于 ("4E8E) in font nullfont!
Missing character: There is no 学 ("5B66) in font nullfont!
Missing character: There is no 位 ("4F4D) in font nullfont!
Missing character: There is no 论 ("8BBA) in font nullfont!
Missing character: There is no 文 ("6587) in font nullfont!
Missing character: There is no 使 ("4F7F) in font nullfont!
Missing character: There is no 用 ("7528) in font nullfont!
Missing character: There is no 授 ("6388) in font nullfont!
Missing character: There is no 权 ("6743) in font nullfont!
Missing character: There is no 的 ("7684) in font nullfont!
Missing character: There is no 声 ("58F0) in font nullfont!
Missing character: There is no 明 ("660E) in font nullfont!

! LaTeX Error: Missing \begin{document}.

See the LaTeX manual or LaTeX Companion for explanation.
Type  H <return>  for immediate help.
 ...                                              
                                                  
l.46 本
      人同意学校保留或向国家有关部门或机构送交论文的印刷件和电子
You're in trouble here.  Try typing  <return>  to proceed.
If that doesn't work, type  X <return>  to quit.

Missing character: There is no 本 ("672C) in font nullfont!
Missing character: There is no 人 ("4EBA) in font nullfont!
Missing character: There is no 同 ("540C) in font nullfont!
Missing character: There is no 意 ("610F) in font nullfont!
Missing character: There is no 学 ("5B66) in font nullfont!
Missing character: There is no 校 ("6821) in font nullfont!
Missing character: There is no 保 ("4FDD) in font nullfont!
Missing character: There is no 留 ("7559) in font nullfont!
Missing character: There is no 或 ("6216) in font nullfont!
Missing character: There is no 向 ("5411) in font nullfont!
Missing character: There is no 国 ("56FD) in font nullfont!
Missing character: There is no 家 ("5BB6) in font nullfont!
Missing character: There is no 有 ("6709) in font nullfont!
Missing character: There is no 关 ("5173) in font nullfont!
Missing character: There is no 部 ("90E8) in font nullfont!
Missing character: There is no 门 ("95E8) in font nullfont!
Missing character: There is no 或 ("6216) in font nullfont!
Missing character: There is no 机 ("673A) in font nullfont!
Missing character: There is no 构 ("6784) in font nullfont!
Missing character: There is no 送 ("9001) in font nullfont!
Missing character: There is no 交 ("4EA4) in font nullfont!
Missing character: There is no 论 ("8BBA) in font nullfont!
Missing character: There is no 文 ("6587) in font nullfont!
Missing character: There is no 的 ("7684) in font nullfont!
Missing character: There is no 印 ("5370) in font nullfont!
Missing character: There is no 刷 ("5237) in font nullfont!
Missing character: There is no 件 ("4EF6) in font nullfont!
Missing character: There is no 和 ("548C) in font nullfont!
Missing character: There is no 电 ("7535) in font nullfont!
Missing character: There is no 子 ("5B50) in font nullfont!
Missing character: There is no 版 ("7248) in font nullfont!
Missing character: There is no ， ("FF0C) in font nullfont!
Missing character: There is no 允 ("5141) in font nullfont!
Missing character: There is no 许 ("8BB8) in font nullfont!
Missing character: There is no 论 ("8BBA) in font nullfont!
Missing character: There is no 文 ("6587) in font nullfont!
Missing character: There is no 被 ("88AB) in font nullfont!
Missing character: There is no 查 ("67E5) in font nullfont!
Missing character: There is no 阅 ("9605) in font nullfont!
Missing character: There is no 和 ("548C) in font nullfont!
Missing character: There is no 借 ("501F) in font nullfont!
Missing character: There is no 阅 ("9605) in font nullfont!
Missing character: There is no ； ("FF1B) in font nullfont!
Missing character: There is no 本 ("672C) in font nullfont!
Missing character: There is no 人 ("4EBA) in font nullfont!
Missing character: There is no 授 ("6388) in font nullfont!
Missing character: There is no 权 ("6743) in font nullfont!
Missing character: There is no 山 ("5C71) in font nullfont!
Missing character: There is no 东 ("4E1C) in font nullfont!
Missing character: There is no 大 ("5927) in font nullfont!
Missing character: There is no 学 ("5B66) in font nullfont!
Missing character: There is no 可 ("53EF) in font nullfont!
Missing character: There is no 以 ("4EE5) in font nullfont!
Missing character: There is no 将 ("5C06) in font nullfont!
Missing character: There is no 本 ("672C) in font nullfont!
Missing character: There is no 学 ("5B66) in font nullfont!
Missing character: There is no 位 ("4F4D) in font nullfont!
Missing character: There is no 论 ("8BBA) in font nullfont!
Missing character: There is no 文 ("6587) in font nullfont!
Missing character: There is no 的 ("7684) in font nullfont!
Missing character: There is no 全 ("5168) in font nullfont!
Missing character: There is no 部 ("90E8) in font nullfont!
Missing character: There is no 或 ("6216) in font nullfont!
Missing character: There is no 部 ("90E8) in font nullfont!
Missing character: There is no 分 ("5206) in font nullfont!
Missing character: There is no 内 ("5185) in font nullfont!
Missing character: There is no 容 ("5BB9) in font nullfont!
Missing character: There is no 编 ("7F16) in font nullfont!
Missing character: There is no 入 ("5165) in font nullfont!
Missing character: There is no 有 ("6709) in font nullfont!
Missing character: There is no 关 ("5173) in font nullfont!
Missing character: There is no 数 ("6570) in font nullfont!
Missing character: There is no 据 ("636E) in font nullfont!
Missing character: There is no 库 ("5E93) in font nullfont!
Missing character: There is no 进 ("8FDB) in font nullfont!
Missing character: There is no 行 ("884C) in font nullfont!
Missing character: There is no 检 ("68C0) in font nullfont!
Missing character: There is no 索 ("7D22) in font nullfont!
Missing character: There is no ， ("FF0C) in font nullfont!
Missing character: There is no 可 ("53EF) in font nullfont!
Missing character: There is no 以 ("4EE5) in font nullfont!
Missing character: There is no 采 ("91C7) in font nullfont!
Missing character: There is no 用 ("7528) in font nullfont!
Missing character: There is no 影 ("5F71) in font nullfont!
Missing character: There is no 印 ("5370) in font nullfont!
Missing character: There is no 、 ("3001) in font nullfont!
Missing character: There is no 缩 ("7F29) in font nullfont!
Missing character: There is no 印 ("5370) in font nullfont!
Missing character: There is no 或 ("6216) in font nullfont!
Missing character: There is no 其 ("5176) in font nullfont!
Missing character: There is no 他 ("4ED6) in font nullfont!
Missing character: There is no 复 ("590D) in font nullfont!
Missing character: There is no 制 ("5236) in font nullfont!
Missing character: There is no 手 ("624B) in font nullfont!
Missing character: There is no 段 ("6BB5) in font nullfont!
Missing character: There is no 保 ("4FDD) in font nullfont!
Missing character: There is no 存 ("5B58) in font nullfont!
Missing character: There is no 论 ("8BBA) in font nullfont!
Missing character: There is no 文 ("6587) in font nullfont!
Missing character: There is no 和 ("548C) in font nullfont!
Missing character: There is no 汇 ("6C47) in font nullfont!
Missing character: There is no 编 ("7F16) in font nullfont!
Missing character: There is no 本 ("672C) in font nullfont!
Missing character: There is no 学 ("5B66) in font nullfont!
Missing character: There is no 位 ("4F4D) in font nullfont!
Missing character: There is no 论 ("8BBA) in font nullfont!
Missing character: There is no 文 ("6587) in font nullfont!
Missing character: There is no 。 ("3002) in font nullfont!

Overfull \hbox (20.0pt too wide) in paragraph at lines 46--50
[]
 []


! LaTeX Error: Missing \begin{document}.

See the LaTeX manual or LaTeX Companion for explanation.
Type  H <return>  for immediate help.
 ...                                              
                                                  
l.51 (
      保密论文在解密后应遵守此规定)
You're in trouble here.  Try typing  <return>  to proceed.
If that doesn't work, type  X <return>  to quit.

Missing character: There is no ( ("28) in font nullfont!
Missing character: There is no 保 ("4FDD) in font nullfont!
Missing character: There is no 密 ("5BC6) in font nullfont!
Missing character: There is no 论 ("8BBA) in font nullfont!
Missing character: There is no 文 ("6587) in font nullfont!
Missing character: There is no 在 ("5728) in font nullfont!
Missing character: There is no 解 ("89E3) in font nullfont!
Missing character: There is no 密 ("5BC6) in font nullfont!
Missing character: There is no 后 ("540E) in font nullfont!
Missing character: There is no 应 ("5E94) in font nullfont!
Missing character: There is no 遵 ("9075) in font nullfont!
Missing character: There is no 守 ("5B88) in font nullfont!
Missing character: There is no 此 ("6B64) in font nullfont!
Missing character: There is no 规 ("89C4) in font nullfont!
Missing character: There is no 定 ("5B9A) in font nullfont!
Missing character: There is no ) ("29) in font nullfont!

Overfull \hbox (20.0pt too wide) in paragraph at lines 51--52
[] 
 []


! LaTeX Error: Missing \begin{document}.

See the LaTeX manual or LaTeX Companion for explanation.
Type  H <return>  for immediate help.
 ...                                              
                                                  
l.53 \noindent
              
You're in trouble here.  Try typing  <return>  to proceed.
If that doesn't work, type  X <return>  to quit.

Missing character: There is no 论 ("8BBA) in font nullfont!
Missing character: There is no 文 ("6587) in font nullfont!
Missing character: There is no 作 ("4F5C) in font nullfont!
Missing character: There is no 者 ("8005) in font nullfont!
Missing character: There is no 签 ("7B7E) in font nullfont!
Missing character: There is no 名 ("540D) in font nullfont!
Missing character: There is no ： ("FF1A) in font nullfont!
! Undefined control sequence.
<argument> 5\ccwd 
                  
l.55 论文作者签名：\underline{\hspace{5\ccwd}}
                                       
The control sequence at the end of the top line
of your error message was never \def'ed. If you have
misspelled it (e.g., `\hobx'), type `I' and the correct
spelling (e.g., `I\hbox'). Otherwise just continue,
and I'll forget about whatever was undefined.

! Illegal unit of measure (pt inserted).
<to be read again> 
                   \relax 
l.55 论文作者签名：\underline{\hspace{5\ccwd}}
                                       
Dimensions can be in units of em, ex, in, pt, pc,
cm, mm, dd, cc, bp, or sp; but yours is a new one!
I'll assume that you meant to say pt, for printer's points.
To recover gracefully from this error, it's best to
delete the erroneous units; e.g., type `2' to delete
two letters. (See Chapter 27 of The TeXbook.)

Missing character: There is no 导 ("5BFC) in font nullfont!
Missing character: There is no 师 ("5E08) in font nullfont!
Missing character: There is no 签 ("7B7E) in font nullfont!
Missing character: There is no 名 ("540D) in font nullfont!
Missing character: There is no ： ("FF1A) in font nullfont!
! Undefined control sequence.
<argument> 5\ccwd 
                  
l.57 导师签名：\underline{\hspace{5\ccwd}}
                                     
The control sequence at the end of the top line
of your error message was never \def'ed. If you have
misspelled it (e.g., `\hobx'), type `I' and the correct
spelling (e.g., `I\hbox'). Otherwise just continue,
and I'll forget about whatever was undefined.

! Illegal unit of measure (pt inserted).
<to be read again> 
                   \relax 
l.57 导师签名：\underline{\hspace{5\ccwd}}
                                     
Dimensions can be in units of em, ex, in, pt, pc,
cm, mm, dd, cc, bp, or sp; but yours is a new one!
I'll assume that you meant to say pt, for printer's points.
To recover gracefully from this error, it's best to
delete the erroneous units; e.g., type `2' to delete
two letters. (See Chapter 27 of The TeXbook.)

Missing character: There is no 日 ("65E5) in font nullfont!
Missing character: There is no 期 ("671F) in font nullfont!
Missing character: There is no ： ("FF1A) in font nullfont!
! Undefined control sequence.
<argument> 5\ccwd 
                  
l.59 日~~期：\underline{\hspace{5\ccwd}}
                                     
The control sequence at the end of the top line
of your error message was never \def'ed. If you have
misspelled it (e.g., `\hobx'), type `I' and the correct
spelling (e.g., `I\hbox'). Otherwise just continue,
and I'll forget about whatever was undefined.

! Illegal unit of measure (pt inserted).
<to be read again> 
                   \relax 
l.59 日~~期：\underline{\hspace{5\ccwd}}
                                     
Dimensions can be in units of em, ex, in, pt, pc,
cm, mm, dd, cc, bp, or sp; but yours is a new one!
I'll assume that you meant to say pt, for printer's points.
To recover gracefully from this error, it's best to
delete the erroneous units; e.g., type `2' to delete
two letters. (See Chapter 27 of The TeXbook.)


Overfull \hbox (5.0pt too wide) in paragraph at lines 53--60
  $[]$
 []


Overfull \hbox (5.0pt too wide) in paragraph at lines 53--60
[]$
 []


Overfull \hbox (5.0pt too wide) in paragraph at lines 53--60
[]$ 
 []


! LaTeX Error: \begin{document} ended by \end{spacing}.

See the LaTeX manual or LaTeX Companion for explanation.
Type  H <return>  for immediate help.
 ...                                              
                                                  
l.64 \end{spacing}
                  
Your command was ignored.
Type  I <command> <return>  to replace it with another command,
or  <return>  to continue without it.

)
! Emergency stop.
<*> statement.tex
                 
*** (job aborted, no legal \end found)

 
Here is how much of TeX's memory you used:
 20 strings out of 476775
 352 string characters out of 5823062
 296492 words of memory out of 5000000
 20268 multiletter control sequences out of 15000+600000
 403430 words of font info for 27 fonts, out of 8000000 for 9000
 1348 hyphenation exceptions out of 8191
 19i,3n,13p,66b,72s stack positions out of 5000i,500n,10000p,200000b,80000s
No pages of output.
