\BOOKMARK [0][-]{titlepage.0}{\376\377\134\001\227\142}{}% 1
\BOOKMARK [0][-]{section*.1}{\376\377\123\237\122\033\140\047\130\360\146\016\124\214\121\163\116\216\213\272\145\207\117\177\165\050\143\210\147\103\166\204\130\360\146\016}{}% 2
\BOOKMARK [0][-]{contents.0}{\376\377\166\356\137\125}{}% 3
\BOOKMARK [0][-]{cabstract.0}{\376\377\144\130\211\201}{}% 4
\BOOKMARK [0][-]{chapter*.6}{\376\377\144\130\211\201}{}% 5
\BOOKMARK [0][-]{eabstract.0}{\376\377\000A\000B\000S\000T\000R\000A\000C\000T}{}% 6
\BOOKMARK [0][-]{chapter*.7}{\376\377\144\130\211\201\377\010\202\361\145\207\377\011}{}% 7
\BOOKMARK [0][-]{chapter*.8}{\376\377\173\046\123\367\213\364\146\016}{}% 8
\BOOKMARK [0][-]{chapter.1}{\376\377\122\115\212\000}{}% 9
\BOOKMARK [1][-]{section.1.1}{\376\377\131\070\121\113\377\014\200\366\133\120\124\214\137\072\133\120}{chapter.1}% 10
\BOOKMARK [1][-]{section.1.2}{\376\377\131\070\121\113\200\366\133\120\173\111\171\273\133\120\117\123\377\010\000Q\000G\000P\377\011}{chapter.1}% 11
\BOOKMARK [1][-]{section.1.3}{\376\377\232\330\200\375\221\315\171\273\133\120\170\260\144\236}{chapter.1}% 12
\BOOKMARK [1][-]{section.1.4}{\376\377\226\306\117\123\155\101}{chapter.1}% 13
\BOOKMARK [2][-]{subsection.1.4.1}{\376\377\124\004\171\315\155\101\166\204\163\260\214\141\117\123\163\260}{section.1.4}% 14
\BOOKMARK [2][-]{subsection.1.4.2}{\376\377\166\370\133\371\213\272\155\101\117\123\122\233\133\146\152\041\127\213}{section.1.4}% 15
\BOOKMARK [1][-]{section.1.5}{\376\377\134\017\174\373\176\337\116\055\166\204\226\306\117\123\155\101\210\114\116\072}{chapter.1}% 16
\BOOKMARK [1][-]{section.1.6}{\376\377\145\207\163\056\176\374\217\360\124\214\213\272\145\207\176\323\147\204}{chapter.1}% 17
\BOOKMARK [0][-]{chapter.2}{\376\377\174\373\176\337\213\357\135\356}{}% 18
\BOOKMARK [1][-]{section.2.1}{\376\377\040\034\201\012\040\035\116\012\226\120\116\055\166\204\174\373\176\337\213\357\135\356}{chapter.2}% 19
\BOOKMARK [1][-]{section.2.2}{\376\377\124\004\124\021\137\002\140\047\155\101\116\055\166\204\174\373\176\337\213\357\135\356}{chapter.2}% 20
\BOOKMARK [0][-]{chapter.3}{\376\377\122\006\147\220\176\323\147\234}{}% 21
\BOOKMARK [0][-]{chapter*.13}{\376\377\176\323\213\272}{}% 22
\BOOKMARK [0][-]{chapter*.15}{\376\377\226\104\137\125}{}% 23
\BOOKMARK [0][-]{section*.17}{\376\377\137\025\145\207\121\372\131\004\123\312\123\302\200\003\145\207\163\056}{}% 24
\BOOKMARK [0][-]{appendix*.19}{\376\377\201\364\214\042}{}% 25
\BOOKMARK [0][-]{appendix*.21}{\376\377\145\073\213\373\133\146\117\115\147\037\225\364\123\321\210\150\166\204\133\146\147\057\213\272\145\207\166\356\137\125}{}% 26
